[2023-05-07 18:21:15,019] Pre-condition: Open Register Page
[2023-05-07 18:21:16,340] Register_Empty_Data - Step 01: Click to Register link
[2023-05-07 18:21:17,092] Register_Empty_Data - Step 02: Click to Register btn
[2023-05-07 18:21:17,644] Register_Empty_Data - Step 03: Verify error message Firt Name
[2023-05-07 18:21:17,787]  -------------------------- PASSED -------------------------- 
[2023-05-07 18:21:17,788] Register_Empty_Data - Step 04: Verify error message Last Name
[2023-05-07 18:21:17,916]  -------------------------- PASSED -------------------------- 
[2023-05-07 18:21:17,917] Register_Empty_Data - Step 05: Verify error message Email
[2023-05-07 18:21:18,075]  -------------------------- PASSED -------------------------- 
[2023-05-07 18:21:18,078] Register_Empty_Data - Step 06: Verify error message Password-error
[2023-05-07 18:21:18,204]  -------------------------- PASSED -------------------------- 
[2023-05-07 18:21:18,205] Register_Empty_Data - Step 07: Verify error message ConfirmPassword-error
[2023-05-07 18:21:18,349]  -------------------------- PASSED -------------------------- 
[2023-05-08 00:43:37,933] Pre-condition: Open Register Page
[2023-05-08 00:43:39,583] Register_Empty_Data - Step 01: Click to Register link
[2023-05-08 00:43:40,614] Register_Empty_Data - Step 02: Click to Register btn
[2023-05-08 00:43:41,438] Register_Empty_Data - Step 03: Verify error message Firt Name
[2023-05-08 00:43:41,613]  -------------------------- PASSED -------------------------- 
[2023-05-08 00:43:41,613] Register_Empty_Data - Step 04: Verify error message Last Name
[2023-05-08 00:43:41,766]  -------------------------- PASSED -------------------------- 
[2023-05-08 00:43:41,767] Register_Empty_Data - Step 05: Verify error message Email
[2023-05-08 00:43:41,963]  -------------------------- PASSED -------------------------- 
[2023-05-08 00:43:41,964] Register_Empty_Data - Step 06: Verify error message Password-error
[2023-05-08 00:43:42,106]  -------------------------- PASSED -------------------------- 
[2023-05-08 00:43:42,107] Register_Empty_Data - Step 07: Verify error message ConfirmPassword-error
[2023-05-08 00:43:42,251]  -------------------------- PASSED -------------------------- 
[2023-05-08 00:43:42,273] Register_Invalid_Email - Step 01: Click to Register link
[2023-05-08 00:43:43,251] Register_Invalid_Email - Step 02: Input to txtbox: 
FirstName with right value: man
LastName with right value: iron
Email with wrong value: asd 
Password with right value: 123456
ConfirmPassword with right value: 123456
[2023-05-08 00:43:43,252] Register_Invalid_Email - Step 03: Click to Register btn
[2023-05-08 00:43:45,028] Register_Invalid_Email - Step 04: Verify error message Email
[2023-05-08 00:43:45,225]  -------------------------- PASSED -------------------------- 
[2023-05-08 00:43:45,238] Register_Success - Step 01: Click to Register link
[2023-05-08 00:43:46,381] Register_Success - Step 02: Input to txtbox: 
FirstName with right value: man
LastName with right value: iron
Email with right value: ironman-1253557558@gmail.com.vn
Password with right value: 123456
ConfirmPassword with right value: 123456
[2023-05-08 00:43:46,382] Register_Success - Step 03: Click to Register btn
[2023-05-08 00:43:48,842] Register_Success - Step 04: Click to Login link
[2023-05-08 00:43:49,859] Register_Success - Step 05: Input to txtbox:
Email with value right: ironman-1253557558@gmail.com.vn
Password with value right: 123456
[2023-05-08 00:43:49,860] Register_Success - Step 06: Click to Login btn
[2023-05-08 00:43:51,799] Register_Success - Step 07: Verify My Account link displayed
[2023-05-08 00:43:52,168] Register_Success - Step 08: Click to Logout link
[2023-05-08 00:43:53,361] Register_Existing_Email - Step 01: Click to Register link
[2023-05-08 00:43:54,394] Register_Existing_Email - Step 02: Input to txtbox: 
FirstName with old value: man
LastName with old value: iron
Email with old value: ironman-1253557558@gmail.com.vn
Password with old value: 123456
ConfirmPassword with old value: 123456
[2023-05-08 00:43:54,396] Register_Success - Step 03: Click to Login btn
[2023-05-08 00:43:56,768] Register_Existing_Email - Step 04: Verify exist Message Email
[2023-05-08 00:43:57,084]  -------------------------- PASSED -------------------------- 
[2023-05-08 00:43:57,094] Register_Password_Less_Than_6_Chars - Step 01: Click to Register link
[2023-05-08 00:43:57,838] Register_Password_Less_Than_6_Chars - Step 02: Input to txtbox: 
FirstName with right value: man
LastName with right value: iron
Email with right value: ironman-1253557558@gmail.com.vn
Password with wrong value: 123
ConfirmPassword with right value: 123456
[2023-05-08 00:43:57,840] Register_Password_Less_Than_6_Chars - Step 03: Click to Login btn
[2023-05-08 00:44:00,007] Register_Password_Less_Than_6_Chars - Step 04: Verify error message Password-error
[2023-05-08 00:44:00,159]  -------------------------- PASSED -------------------------- 
[2023-05-08 00:44:00,166] Register_Invalid_Confirm_Password - Step 01: Click to Register link
[2023-05-08 00:44:00,842] Register_Success - Step 02: Input to txtbox: 
FirstName with right value: man
LastName with right value: iron
Email with right value: ironman-1253557558@gmail.com.vn
Password with right value: 123456
ConfirmPassword with wrong value: 98757324
[2023-05-08 00:44:00,843] Register_Success - Step 03: Click to Register btn
[2023-05-08 00:44:03,251] Register_Success - Step 04: Verify error message Confirm Password-error 
[2023-05-08 00:44:03,383]  -------------------------- PASSED -------------------------- 
[2023-05-08 01:13:52,663] Add_product_to_Cart - Step 01: Select to Processor dropdown with value is '2.2 GHz Intel Pentium Dual-Core E2200'
[2023-05-08 01:13:53,293] Add_product_to_Cart - Step 02: Select to RAM dropdown with value is '2 GB'
[2023-05-08 01:13:53,732] Add_product_to_Cart - Step 03: Select to HDD radiobtn with value is '320 GB'
[2023-05-08 01:13:54,090] Add_product_to_Cart - Step 04: Select to OS radiobtn with value is 'Vista Premium'
[2023-05-08 01:13:54,453] Add_product_to_Cart - Step 05: Select to Software checkbox with value is 'Acrobat Reader'
[2023-05-08 01:13:54,805] Add_product_to_Cart - Step 06: Verify current product price is displayed
[2023-05-08 01:13:54,933]  -------------------------- PASSED -------------------------- 
[2023-05-08 01:13:54,934] Add_product_to_Cart - Step 07: Click to [Add to Cart] btn
[2023-05-08 01:13:55,537]  -------------------------- PASSED -------------------------- 
[2023-05-08 01:13:57,110]  -------------------------- PASSED -------------------------- 
[2023-05-08 01:13:57,343]  -------------------------- PASSED -------------------------- 
[2023-05-08 01:13:57,518]  -------------------------- PASSED -------------------------- 
[2023-05-08 01:13:57,771]  -------------------------- PASSED -------------------------- 
[2023-05-08 01:13:57,967]  -------------------------- PASSED -------------------------- 
[2023-05-08 01:13:58,118]  -------------------------- PASSED -------------------------- 
[2023-05-08 01:13:58,275]  -------------------------- PASSED -------------------------- 
[2023-05-08 01:14:02,561]  -------------------------- PASSED -------------------------- 
[2023-05-08 01:14:03,267]  -------------------------- PASSED -------------------------- 
[2023-05-08 01:14:04,458]  -------------------------- PASSED -------------------------- 
[2023-05-08 01:14:04,660]  -------------------------- PASSED -------------------------- 
[2023-05-08 01:14:04,869]  -------------------------- PASSED -------------------------- 
[2023-05-08 01:14:05,034]  -------------------------- PASSED -------------------------- 
[2023-05-08 01:14:05,194]  -------------------------- PASSED -------------------------- 
[2023-05-08 01:14:05,349]  -------------------------- PASSED -------------------------- 
[2023-05-08 01:14:05,480]  -------------------------- PASSED -------------------------- 
[2023-05-08 01:14:05,605]  -------------------------- PASSED -------------------------- 
[2023-05-08 01:14:05,710]  -------------------------- PASSED -------------------------- 
[2023-05-08 01:14:06,598]  -------------------------- FAILED -------------------------- 
[2023-05-08 01:14:57,697]  -------------------------- PASSED -------------------------- 
[2023-05-08 01:15:05,206]  -------------------------- PASSED -------------------------- 
[2023-05-08 01:15:05,407]  -------------------------- PASSED -------------------------- 
[2023-05-08 01:15:05,594]  -------------------------- PASSED -------------------------- 
[2023-05-08 01:15:05,825]  -------------------------- PASSED -------------------------- 
[2023-05-08 01:15:06,037]  -------------------------- PASSED -------------------------- 
[2023-05-08 01:15:06,204]  -------------------------- PASSED -------------------------- 
[2023-05-08 01:15:06,367]  -------------------------- PASSED -------------------------- 
[2023-05-08 01:15:06,545]  -------------------------- PASSED -------------------------- 
[2023-05-08 01:15:06,711]  -------------------------- PASSED -------------------------- 
[2023-05-08 01:15:06,847]  -------------------------- PASSED -------------------------- 
[2023-05-08 01:24:27,406] Add_product_to_Cart - Step 01: Select to Processor dropdown with value is '2.2 GHz Intel Pentium Dual-Core E2200'
[2023-05-08 01:24:27,887] Add_product_to_Cart - Step 02: Select to RAM dropdown with value is '2 GB'
[2023-05-08 01:24:28,403] Add_product_to_Cart - Step 03: Select to HDD radiobtn with value is '320 GB'
[2023-05-08 01:24:28,760] Add_product_to_Cart - Step 04: Select to OS radiobtn with value is 'Vista Premium'
[2023-05-08 01:24:29,121] Add_product_to_Cart - Step 05: Select to Software checkbox with value is 'Acrobat Reader'
[2023-05-08 01:24:29,460] Add_product_to_Cart - Step 06: Verify current product price is displayed
[2023-05-08 01:24:29,671]  -------------------------- PASSED -------------------------- 
[2023-05-08 01:24:29,671] Add_product_to_Cart - Step 07: Click to [Add to Cart] btn
[2023-05-08 01:24:30,268]  -------------------------- PASSED -------------------------- 
[2023-05-08 01:24:31,549]  -------------------------- PASSED -------------------------- 
[2023-05-08 01:24:31,799]  -------------------------- PASSED -------------------------- 
[2023-05-08 01:24:32,021]  -------------------------- PASSED -------------------------- 
[2023-05-08 01:24:32,241]  -------------------------- PASSED -------------------------- 
[2023-05-08 01:24:32,409]  -------------------------- PASSED -------------------------- 
[2023-05-08 01:24:32,649]  -------------------------- PASSED -------------------------- 
[2023-05-08 01:24:32,792]  -------------------------- PASSED -------------------------- 
[2023-05-08 01:24:32,813] TCS_02_Edit_product_in_Shopping_Cart
[2023-05-08 01:24:37,204]  -------------------------- PASSED -------------------------- 
[2023-05-08 01:24:37,906]  -------------------------- PASSED -------------------------- 
[2023-05-08 01:24:39,262]  -------------------------- PASSED -------------------------- 
[2023-05-08 01:24:39,468]  -------------------------- PASSED -------------------------- 
[2023-05-08 01:24:39,662]  -------------------------- PASSED -------------------------- 
[2023-05-08 01:24:39,874]  -------------------------- PASSED -------------------------- 
[2023-05-08 01:24:40,055]  -------------------------- PASSED -------------------------- 
[2023-05-08 01:24:40,226]  -------------------------- PASSED -------------------------- 
[2023-05-08 01:24:40,393]  -------------------------- PASSED -------------------------- 
[2023-05-08 01:24:40,546]  -------------------------- PASSED -------------------------- 
[2023-05-08 01:24:40,665]  -------------------------- PASSED -------------------------- 
[2023-05-08 01:24:41,562]  -------------------------- FAILED -------------------------- 
[2023-05-08 01:25:31,409]  -------------------------- PASSED -------------------------- 
[2023-05-08 01:25:39,620]  -------------------------- PASSED -------------------------- 
[2023-05-08 01:25:39,901]  -------------------------- PASSED -------------------------- 
[2023-05-08 01:25:40,088]  -------------------------- PASSED -------------------------- 
[2023-05-08 01:25:40,305]  -------------------------- PASSED -------------------------- 
[2023-05-08 01:25:40,521]  -------------------------- PASSED -------------------------- 
[2023-05-08 01:25:40,689]  -------------------------- PASSED -------------------------- 
[2023-05-08 01:25:40,866]  -------------------------- PASSED -------------------------- 
[2023-05-08 01:25:41,079]  -------------------------- PASSED -------------------------- 
[2023-05-08 01:25:41,288]  -------------------------- PASSED -------------------------- 
[2023-05-08 01:25:41,487]  -------------------------- PASSED -------------------------- 
[2023-05-08 01:25:41,683]  -------------------------- PASSED -------------------------- 
[2023-05-08 01:25:41,902]  -------------------------- PASSED -------------------------- 
[2023-05-08 01:25:42,110]  -------------------------- PASSED -------------------------- 
[2023-05-08 01:25:42,290]  -------------------------- PASSED -------------------------- 
[2023-05-08 01:25:42,510]  -------------------------- PASSED -------------------------- 
[2023-05-08 01:25:42,697]  -------------------------- PASSED -------------------------- 
[2023-05-08 01:25:43,018]  -------------------------- PASSED -------------------------- 
[2023-05-08 01:25:43,273]  -------------------------- PASSED -------------------------- 
[2023-05-08 01:25:43,499]  -------------------------- PASSED -------------------------- 
[2023-05-08 01:25:43,711]  -------------------------- PASSED -------------------------- 
[2023-05-08 01:29:43,051] Add_product_to_Cart - Step 01: Select to Processor dropdown with value is '2.2 GHz Intel Pentium Dual-Core E2200'
[2023-05-08 01:29:43,524] Add_product_to_Cart - Step 02: Select to RAM dropdown with value is '2 GB'
[2023-05-08 01:29:44,007] Add_product_to_Cart - Step 03: Select to HDD radiobtn with value is '320 GB'
[2023-05-08 01:29:44,398] Add_product_to_Cart - Step 04: Select to OS radiobtn with value is 'Vista Premium'
[2023-05-08 01:29:44,758] Add_product_to_Cart - Step 05: Select to Software checkbox with value is 'Acrobat Reader'
[2023-05-08 01:29:45,137] Add_product_to_Cart - Step 06: Verify current product price is displayed
[2023-05-08 01:29:45,269]  -------------------------- PASSED -------------------------- 
[2023-05-08 01:29:45,269] Add_product_to_Cart - Step 07: Click to [Add to Cart] btn
[2023-05-08 01:29:45,817]  -------------------------- PASSED -------------------------- 
[2023-05-08 01:29:47,298]  -------------------------- PASSED -------------------------- 
[2023-05-08 01:29:47,565]  -------------------------- PASSED -------------------------- 
[2023-05-08 01:29:47,763]  -------------------------- PASSED -------------------------- 
[2023-05-08 01:29:48,004]  -------------------------- PASSED -------------------------- 
[2023-05-08 01:29:48,180]  -------------------------- PASSED -------------------------- 
[2023-05-08 01:29:48,341]  -------------------------- PASSED -------------------------- 
[2023-05-08 01:29:48,499]  -------------------------- PASSED -------------------------- 
[2023-05-08 01:29:48,520] TCS_02_Edit_product_in_Shopping_Cart
[2023-05-08 01:29:52,892]  -------------------------- PASSED -------------------------- 
[2023-05-08 01:29:53,528]  -------------------------- PASSED -------------------------- 
[2023-05-08 01:29:54,853]  -------------------------- PASSED -------------------------- 
[2023-05-08 01:29:55,067]  -------------------------- PASSED -------------------------- 
[2023-05-08 01:29:55,251]  -------------------------- PASSED -------------------------- 
[2023-05-08 01:29:55,405]  -------------------------- PASSED -------------------------- 
[2023-05-08 01:29:55,598]  -------------------------- PASSED -------------------------- 
[2023-05-08 01:29:55,836]  -------------------------- PASSED -------------------------- 
[2023-05-08 01:29:56,002]  -------------------------- PASSED -------------------------- 
[2023-05-08 01:29:56,149]  -------------------------- PASSED -------------------------- 
[2023-05-08 01:29:56,270]  -------------------------- PASSED -------------------------- 
[2023-05-08 01:29:57,110]  -------------------------- FAILED -------------------------- 
[2023-05-08 01:35:25,975] Add_product_to_Cart - Step 01: Select to Processor dropdown with value is '2.2 GHz Intel Pentium Dual-Core E2200'
[2023-05-08 01:35:26,610] Add_product_to_Cart - Step 02: Select to RAM dropdown with value is '2 GB'
[2023-05-08 01:35:27,160] Add_product_to_Cart - Step 03: Select to HDD radiobtn with value is '320 GB'
[2023-05-08 01:35:27,559] Add_product_to_Cart - Step 04: Select to OS radiobtn with value is 'Vista Premium'
[2023-05-08 01:35:27,981] Add_product_to_Cart - Step 05: Select to Software checkbox with value is 'Acrobat Reader'
[2023-05-08 01:35:28,376] Add_product_to_Cart - Step 06: Verify current product price is displayed
[2023-05-08 01:35:28,553]  -------------------------- PASSED -------------------------- 
[2023-05-08 01:35:28,554] Add_product_to_Cart - Step 07: Click to [Add to Cart] btn
[2023-05-08 01:35:29,304]  -------------------------- PASSED -------------------------- 
[2023-05-08 01:35:30,683]  -------------------------- PASSED -------------------------- 
[2023-05-08 01:35:30,944]  -------------------------- PASSED -------------------------- 
[2023-05-08 01:35:31,144]  -------------------------- PASSED -------------------------- 
[2023-05-08 01:35:31,331]  -------------------------- PASSED -------------------------- 
[2023-05-08 01:35:31,494]  -------------------------- PASSED -------------------------- 
[2023-05-08 01:35:31,647]  -------------------------- PASSED -------------------------- 
[2023-05-08 01:35:31,782]  -------------------------- PASSED -------------------------- 
[2023-05-08 01:35:31,800] TCS_02_Edit_product_in_Shopping_Cart
[2023-05-08 01:35:36,200]  -------------------------- PASSED -------------------------- 
[2023-05-08 01:35:36,801]  -------------------------- PASSED -------------------------- 
[2023-05-08 01:35:38,186]  -------------------------- PASSED -------------------------- 
[2023-05-08 01:35:38,418]  -------------------------- PASSED -------------------------- 
[2023-05-08 01:35:38,669]  -------------------------- PASSED -------------------------- 
[2023-05-08 01:35:38,844]  -------------------------- PASSED -------------------------- 
[2023-05-08 01:35:39,076]  -------------------------- PASSED -------------------------- 
[2023-05-08 01:35:39,269]  -------------------------- PASSED -------------------------- 
[2023-05-08 01:35:39,432]  -------------------------- PASSED -------------------------- 
[2023-05-08 01:35:39,582]  -------------------------- PASSED -------------------------- 
[2023-05-08 01:35:39,695]  -------------------------- PASSED -------------------------- 
[2023-05-08 01:35:40,578]  -------------------------- PASSED -------------------------- 
[2023-05-08 01:35:46,873]  -------------------------- PASSED -------------------------- 
[2023-05-08 01:35:54,501]  -------------------------- PASSED -------------------------- 
[2023-05-08 01:35:54,774]  -------------------------- PASSED -------------------------- 
[2023-05-08 01:35:54,975]  -------------------------- PASSED -------------------------- 
[2023-05-08 01:35:55,175]  -------------------------- PASSED -------------------------- 
[2023-05-08 01:35:55,359]  -------------------------- PASSED -------------------------- 
[2023-05-08 01:35:55,594]  -------------------------- PASSED -------------------------- 
[2023-05-08 01:35:55,819]  -------------------------- PASSED -------------------------- 
[2023-05-08 01:35:56,025]  -------------------------- PASSED -------------------------- 
[2023-05-08 01:35:56,217]  -------------------------- PASSED -------------------------- 
[2023-05-08 01:35:56,404]  -------------------------- PASSED -------------------------- 
[2023-05-08 01:35:56,617]  -------------------------- PASSED -------------------------- 
[2023-05-08 01:35:56,833]  -------------------------- PASSED -------------------------- 
[2023-05-08 01:35:57,005]  -------------------------- PASSED -------------------------- 
[2023-05-08 01:35:57,177]  -------------------------- PASSED -------------------------- 
[2023-05-08 01:35:57,409]  -------------------------- PASSED -------------------------- 
[2023-05-08 01:35:57,625]  -------------------------- PASSED -------------------------- 
[2023-05-08 01:35:57,833]  -------------------------- PASSED -------------------------- 
[2023-05-08 01:35:58,042]  -------------------------- PASSED -------------------------- 
[2023-05-08 01:35:58,248]  -------------------------- PASSED -------------------------- 
[2023-05-08 01:35:58,484]  -------------------------- PASSED -------------------------- 
[2023-05-08 01:38:42,641] Add_product_to_Cart - Step 01: Select to Processor dropdown with value is '2.2 GHz Intel Pentium Dual-Core E2200'
[2023-05-08 01:38:43,233] Add_product_to_Cart - Step 02: Select to RAM dropdown with value is '2 GB'
[2023-05-08 01:38:43,757] Add_product_to_Cart - Step 03: Select to HDD radiobtn with value is '320 GB'
[2023-05-08 01:38:44,123] Add_product_to_Cart - Step 04: Select to OS radiobtn with value is 'Vista Premium'
[2023-05-08 01:38:44,549] Add_product_to_Cart - Step 05: Select to Software checkbox with value is 'Acrobat Reader'
[2023-05-08 01:38:44,908] Add_product_to_Cart - Step 06: Verify current product price is displayed
[2023-05-08 01:38:45,046]  -------------------------- PASSED -------------------------- 
[2023-05-08 01:38:45,046] Add_product_to_Cart - Step 07: Click to [Add to Cart] btn
[2023-05-08 01:38:45,658]  -------------------------- PASSED -------------------------- 
[2023-05-08 01:38:47,371]  -------------------------- PASSED -------------------------- 
[2023-05-08 01:38:47,581]  -------------------------- PASSED -------------------------- 
[2023-05-08 01:38:47,793]  -------------------------- PASSED -------------------------- 
[2023-05-08 01:38:47,968]  -------------------------- PASSED -------------------------- 
[2023-05-08 01:38:48,193]  -------------------------- PASSED -------------------------- 
[2023-05-08 01:38:48,289]  -------------------------- PASSED -------------------------- 
[2023-05-08 01:38:48,402]  -------------------------- PASSED -------------------------- 
[2023-05-08 01:38:48,420] TCS_02_Edit_product_in_Shopping_Cart
[2023-05-08 01:38:52,220]  -------------------------- PASSED -------------------------- 
[2023-05-08 01:38:52,886]  -------------------------- PASSED -------------------------- 
[2023-05-08 01:38:54,159]  -------------------------- PASSED -------------------------- 
[2023-05-08 01:38:54,359]  -------------------------- PASSED -------------------------- 
[2023-05-08 01:38:54,507]  -------------------------- PASSED -------------------------- 
[2023-05-08 01:38:54,663]  -------------------------- PASSED -------------------------- 
[2023-05-08 01:38:54,817]  -------------------------- PASSED -------------------------- 
[2023-05-08 01:38:54,966]  -------------------------- PASSED -------------------------- 
[2023-05-08 01:38:55,090]  -------------------------- PASSED -------------------------- 
[2023-05-08 01:38:55,233]  -------------------------- PASSED -------------------------- 
[2023-05-08 01:38:55,345]  -------------------------- PASSED -------------------------- 
[2023-05-08 01:38:56,170]  -------------------------- PASSED -------------------------- 
[2023-05-08 01:39:02,411]  -------------------------- PASSED -------------------------- 
[2023-05-08 01:41:17,266] Add_product_to_Cart - Step 01: Select to Processor dropdown with value is '2.2 GHz Intel Pentium Dual-Core E2200'
[2023-05-08 01:41:17,789] Add_product_to_Cart - Step 02: Select to RAM dropdown with value is '2 GB'
[2023-05-08 01:41:18,293] Add_product_to_Cart - Step 03: Select to HDD radiobtn with value is '320 GB'
[2023-05-08 01:41:18,669] Add_product_to_Cart - Step 04: Select to OS radiobtn with value is 'Vista Premium'
[2023-05-08 01:41:19,015] Add_product_to_Cart - Step 05: Select to Software checkbox with value is 'Acrobat Reader'
[2023-05-08 01:41:19,377] Add_product_to_Cart - Step 06: Verify current product price is displayed
[2023-05-08 01:41:19,612]  -------------------------- FAILED -------------------------- 
[2023-05-08 01:41:19,614] Add_product_to_Cart - Step 07: Click to [Add to Cart] btn
[2023-05-08 01:41:20,557]  -------------------------- PASSED -------------------------- 
[2023-05-08 01:41:22,353]  -------------------------- PASSED -------------------------- 
[2023-05-08 01:41:22,588]  -------------------------- PASSED -------------------------- 
[2023-05-08 01:41:23,016]  -------------------------- PASSED -------------------------- 
[2023-05-08 01:41:23,246]  -------------------------- PASSED -------------------------- 
[2023-05-08 01:41:23,530]  -------------------------- PASSED -------------------------- 
[2023-05-08 01:41:23,771]  -------------------------- PASSED -------------------------- 
[2023-05-08 01:41:24,001]  -------------------------- PASSED -------------------------- 
[2023-05-08 01:41:24,034] TCS_02_Edit_product_in_Shopping_Cart
[2023-05-08 01:41:28,796]  -------------------------- PASSED -------------------------- 
[2023-05-08 01:41:29,492]  -------------------------- PASSED -------------------------- 
[2023-05-08 01:41:30,851]  -------------------------- PASSED -------------------------- 
[2023-05-08 01:41:31,105]  -------------------------- PASSED -------------------------- 
[2023-05-08 01:41:31,497]  -------------------------- PASSED -------------------------- 
[2023-05-08 01:41:31,693]  -------------------------- PASSED -------------------------- 
[2023-05-08 01:41:31,841]  -------------------------- PASSED -------------------------- 
[2023-05-08 01:41:31,967]  -------------------------- PASSED -------------------------- 
[2023-05-08 01:41:32,159]  -------------------------- PASSED -------------------------- 
[2023-05-08 01:41:32,333]  -------------------------- PASSED -------------------------- 
[2023-05-08 01:41:32,531]  -------------------------- PASSED -------------------------- 
[2023-05-08 01:41:33,556]  -------------------------- PASSED -------------------------- 
[2023-05-08 01:41:41,731]  -------------------------- PASSED -------------------------- 
[2023-05-08 01:41:57,902]  -------------------------- PASSED -------------------------- 
[2023-05-08 01:41:58,221]  -------------------------- PASSED -------------------------- 
[2023-05-08 01:41:58,605]  -------------------------- PASSED -------------------------- 
[2023-05-08 01:41:58,903]  -------------------------- PASSED -------------------------- 
[2023-05-08 01:41:59,183]  -------------------------- PASSED -------------------------- 
[2023-05-08 01:41:59,436]  -------------------------- PASSED -------------------------- 
[2023-05-08 01:41:59,708]  -------------------------- PASSED -------------------------- 
[2023-05-08 01:41:59,973]  -------------------------- PASSED -------------------------- 
[2023-05-08 01:42:00,244]  -------------------------- PASSED -------------------------- 
[2023-05-08 01:42:00,531]  -------------------------- PASSED -------------------------- 
[2023-05-08 01:42:00,821]  -------------------------- PASSED -------------------------- 
[2023-05-08 01:42:01,108]  -------------------------- PASSED -------------------------- 
[2023-05-08 01:42:01,394]  -------------------------- PASSED -------------------------- 
[2023-05-08 01:42:01,653]  -------------------------- PASSED -------------------------- 
[2023-05-08 01:42:01,868]  -------------------------- PASSED -------------------------- 
[2023-05-08 01:42:02,097]  -------------------------- PASSED -------------------------- 
[2023-05-08 01:42:02,322]  -------------------------- PASSED -------------------------- 
[2023-05-08 01:42:02,486]  -------------------------- PASSED -------------------------- 
[2023-05-08 01:42:02,700]  -------------------------- PASSED -------------------------- 
[2023-05-08 01:42:02,922]  -------------------------- PASSED -------------------------- 
[2023-05-08 01:42:03,121]  -------------------------- PASSED -------------------------- 
[2023-05-08 01:42:03,271]  -------------------------- FAILED -------------------------- 
[2023-05-08 01:42:03,372]  -------------------------- FAILED -------------------------- 
[2023-05-08 01:42:03,552]  -------------------------- FAILED -------------------------- 
[2023-05-08 01:42:03,761]  -------------------------- FAILED -------------------------- 
[2023-05-08 01:42:03,951]  -------------------------- FAILED -------------------------- 
[2023-05-08 01:42:04,124]  -------------------------- PASSED -------------------------- 
[2023-05-08 01:42:04,269]  -------------------------- FAILED -------------------------- 
[2023-05-08 01:42:04,440]  -------------------------- FAILED -------------------------- 
[2023-05-08 01:42:06,052]  -------------------------- PASSED -------------------------- 
[2023-05-08 01:42:06,239]  -------------------------- PASSED -------------------------- 
[2023-05-08 01:54:52,950] Add_product_to_Cart - Step 01: Select to Processor dropdown with value is '2.2 GHz Intel Pentium Dual-Core E2200'
[2023-05-08 01:54:53,470] Add_product_to_Cart - Step 02: Select to RAM dropdown with value is '2 GB'
[2023-05-08 01:54:53,949] Add_product_to_Cart - Step 03: Select to HDD radiobtn with value is '320 GB'
[2023-05-08 01:54:54,335] Add_product_to_Cart - Step 04: Select to OS radiobtn with value is 'Vista Premium'
[2023-05-08 01:54:54,674] Add_product_to_Cart - Step 05: Select to Software checkbox with value is 'Acrobat Reader'
[2023-05-08 01:54:55,021] Add_product_to_Cart - Step 06: Verify current product price is displayed
[2023-05-08 01:54:55,246]  -------------------------- FAILED -------------------------- 
[2023-05-08 01:54:55,253] Add_product_to_Cart - Step 07: Click to [Add to Cart] btn
[2023-05-08 01:54:56,027]  -------------------------- PASSED -------------------------- 
[2023-05-08 01:54:58,185]  -------------------------- PASSED -------------------------- 
[2023-05-08 01:54:58,507]  -------------------------- PASSED -------------------------- 
[2023-05-08 01:54:58,790]  -------------------------- PASSED -------------------------- 
[2023-05-08 01:54:59,072]  -------------------------- PASSED -------------------------- 
[2023-05-08 01:54:59,301]  -------------------------- PASSED -------------------------- 
[2023-05-08 01:54:59,540]  -------------------------- PASSED -------------------------- 
[2023-05-08 01:54:59,755]  -------------------------- PASSED -------------------------- 
[2023-05-08 01:54:59,779] TCS_02_Edit_product_in_Shopping_Cart
[2023-05-08 01:55:03,985]  -------------------------- PASSED -------------------------- 
[2023-05-08 01:55:04,827]  -------------------------- PASSED -------------------------- 
[2023-05-08 01:55:06,251]  -------------------------- PASSED -------------------------- 
[2023-05-08 01:55:06,435]  -------------------------- PASSED -------------------------- 
[2023-05-08 01:55:06,766]  -------------------------- PASSED -------------------------- 
[2023-05-08 01:55:06,986]  -------------------------- PASSED -------------------------- 
[2023-05-08 01:55:07,109]  -------------------------- PASSED -------------------------- 
[2023-05-08 01:55:07,287]  -------------------------- PASSED -------------------------- 
[2023-05-08 01:55:07,402]  -------------------------- PASSED -------------------------- 
[2023-05-08 01:55:07,504]  -------------------------- PASSED -------------------------- 
[2023-05-08 01:55:07,617]  -------------------------- PASSED -------------------------- 
[2023-05-08 01:55:08,650]  -------------------------- PASSED -------------------------- 
[2023-05-08 01:55:16,939]  -------------------------- PASSED -------------------------- 
[2023-05-08 01:55:32,893]  -------------------------- PASSED -------------------------- 
[2023-05-08 01:55:33,154]  -------------------------- PASSED -------------------------- 
[2023-05-08 01:55:33,399]  -------------------------- PASSED -------------------------- 
[2023-05-08 01:55:33,620]  -------------------------- PASSED -------------------------- 
[2023-05-08 01:55:33,821]  -------------------------- PASSED -------------------------- 
[2023-05-08 01:55:34,017]  -------------------------- PASSED -------------------------- 
[2023-05-08 01:55:34,240]  -------------------------- PASSED -------------------------- 
[2023-05-08 01:55:34,485]  -------------------------- PASSED -------------------------- 
[2023-05-08 01:55:34,683]  -------------------------- PASSED -------------------------- 
[2023-05-08 01:55:34,899]  -------------------------- PASSED -------------------------- 
[2023-05-08 01:55:35,125]  -------------------------- PASSED -------------------------- 
[2023-05-08 01:55:35,328]  -------------------------- PASSED -------------------------- 
[2023-05-08 01:55:35,567]  -------------------------- PASSED -------------------------- 
[2023-05-08 01:55:35,807]  -------------------------- PASSED -------------------------- 
[2023-05-08 01:55:36,067]  -------------------------- PASSED -------------------------- 
[2023-05-08 01:55:36,318]  -------------------------- PASSED -------------------------- 
[2023-05-08 01:55:36,525]  -------------------------- PASSED -------------------------- 
[2023-05-08 01:55:36,754]  -------------------------- PASSED -------------------------- 
[2023-05-08 01:55:36,921]  -------------------------- PASSED -------------------------- 
[2023-05-08 01:55:37,137]  -------------------------- PASSED -------------------------- 
[2023-05-08 01:55:37,322]  -------------------------- PASSED -------------------------- 
[2023-05-08 01:55:37,488]  -------------------------- PASSED -------------------------- 
[2023-05-08 01:55:37,649]  -------------------------- PASSED -------------------------- 
[2023-05-08 01:55:37,848]  -------------------------- PASSED -------------------------- 
[2023-05-08 01:55:38,024]  -------------------------- PASSED -------------------------- 
[2023-05-08 01:55:38,216]  -------------------------- FAILED -------------------------- 
[2023-05-08 01:55:38,396]  -------------------------- PASSED -------------------------- 
[2023-05-08 01:55:38,594]  -------------------------- FAILED -------------------------- 
[2023-05-08 01:55:38,778]  -------------------------- PASSED -------------------------- 
[2023-05-08 01:55:40,036]  -------------------------- PASSED -------------------------- 
[2023-05-08 01:55:40,236]  -------------------------- PASSED -------------------------- 
[2023-05-08 02:00:18,547] Add_product_to_Cart - Step 01: Select to Processor dropdown with value is '2.2 GHz Intel Pentium Dual-Core E2200'
[2023-05-08 02:00:19,010] Add_product_to_Cart - Step 02: Select to RAM dropdown with value is '2 GB'
[2023-05-08 02:00:19,404] Add_product_to_Cart - Step 03: Select to HDD radiobtn with value is '320 GB'
[2023-05-08 02:00:19,771] Add_product_to_Cart - Step 04: Select to OS radiobtn with value is 'Vista Premium'
[2023-05-08 02:00:20,116] Add_product_to_Cart - Step 05: Select to Software checkbox with value is 'Acrobat Reader'
[2023-05-08 02:00:20,490] Add_product_to_Cart - Step 06: Verify current product price is displayed
[2023-05-08 02:00:20,628]  -------------------------- PASSED -------------------------- 
[2023-05-08 02:00:20,628] Add_product_to_Cart - Step 07: Click to [Add to Cart] btn
[2023-05-08 02:00:21,526]  -------------------------- PASSED -------------------------- 
[2023-05-08 02:00:22,994]  -------------------------- PASSED -------------------------- 
[2023-05-08 02:00:23,206]  -------------------------- PASSED -------------------------- 
[2023-05-08 02:00:23,584]  -------------------------- PASSED -------------------------- 
[2023-05-08 02:00:23,781]  -------------------------- PASSED -------------------------- 
[2023-05-08 02:00:23,976]  -------------------------- PASSED -------------------------- 
[2023-05-08 02:00:24,102]  -------------------------- PASSED -------------------------- 
[2023-05-08 02:00:24,239]  -------------------------- PASSED -------------------------- 
[2023-05-08 02:00:24,253] TCS_02_Edit_product_in_Shopping_Cart
[2023-05-08 02:00:28,260]  -------------------------- PASSED -------------------------- 
[2023-05-08 02:00:29,217]  -------------------------- PASSED -------------------------- 
[2023-05-08 02:00:30,551]  -------------------------- PASSED -------------------------- 
[2023-05-08 02:00:30,784]  -------------------------- PASSED -------------------------- 
[2023-05-08 02:00:31,147]  -------------------------- PASSED -------------------------- 
[2023-05-08 02:00:31,427]  -------------------------- PASSED -------------------------- 
[2023-05-08 02:00:31,682]  -------------------------- PASSED -------------------------- 
[2023-05-08 02:00:31,901]  -------------------------- PASSED -------------------------- 
[2023-05-08 02:00:32,105]  -------------------------- PASSED -------------------------- 
[2023-05-08 02:00:32,309]  -------------------------- PASSED -------------------------- 
[2023-05-08 02:00:32,517]  -------------------------- PASSED -------------------------- 
[2023-05-08 02:00:33,520]  -------------------------- PASSED -------------------------- 
[2023-05-08 02:00:40,115]  -------------------------- PASSED -------------------------- 
[2023-05-08 02:00:52,165]  -------------------------- PASSED -------------------------- 
[2023-05-08 02:00:52,449]  -------------------------- PASSED -------------------------- 
[2023-05-08 02:00:52,696]  -------------------------- PASSED -------------------------- 
[2023-05-08 02:00:52,966]  -------------------------- PASSED -------------------------- 
[2023-05-08 02:00:53,221]  -------------------------- PASSED -------------------------- 
[2023-05-08 02:00:53,594]  -------------------------- PASSED -------------------------- 
[2023-05-08 02:00:53,749]  -------------------------- PASSED -------------------------- 
[2023-05-08 02:00:53,964]  -------------------------- PASSED -------------------------- 
[2023-05-08 02:00:54,163]  -------------------------- PASSED -------------------------- 
[2023-05-08 02:00:54,399]  -------------------------- PASSED -------------------------- 
[2023-05-08 02:00:54,687]  -------------------------- PASSED -------------------------- 
[2023-05-08 02:00:54,840]  -------------------------- PASSED -------------------------- 
[2023-05-08 02:00:55,043]  -------------------------- PASSED -------------------------- 
[2023-05-08 02:00:55,238]  -------------------------- PASSED -------------------------- 
[2023-05-08 02:00:55,449]  -------------------------- PASSED -------------------------- 
[2023-05-08 02:00:55,677]  -------------------------- PASSED -------------------------- 
[2023-05-08 02:00:55,914]  -------------------------- PASSED -------------------------- 
[2023-05-08 02:00:56,135]  -------------------------- PASSED -------------------------- 
[2023-05-08 02:00:56,258]  -------------------------- PASSED -------------------------- 
[2023-05-08 02:00:56,390]  -------------------------- PASSED -------------------------- 
[2023-05-08 02:00:56,502]  -------------------------- PASSED -------------------------- 
[2023-05-08 02:00:56,580]  -------------------------- PASSED -------------------------- 
[2023-05-08 02:00:56,672]  -------------------------- PASSED -------------------------- 
[2023-05-08 02:00:56,775]  -------------------------- PASSED -------------------------- 
[2023-05-08 02:00:56,863]  -------------------------- PASSED -------------------------- 
[2023-05-08 02:00:57,038]  -------------------------- FAILED -------------------------- 
[2023-05-08 02:00:57,208]  -------------------------- PASSED -------------------------- 
[2023-05-08 02:00:57,319]  -------------------------- PASSED -------------------------- 
[2023-05-08 02:00:57,412]  -------------------------- PASSED -------------------------- 
[2023-05-08 02:00:58,470]  -------------------------- PASSED -------------------------- 
[2023-05-08 02:00:58,638]  -------------------------- PASSED -------------------------- 
[2023-05-08 02:06:30,221] Add_product_to_Cart - Step 01: Select to Processor dropdown with value is '2.2 GHz Intel Pentium Dual-Core E2200'
[2023-05-08 02:06:30,696] Add_product_to_Cart - Step 02: Select to RAM dropdown with value is '2 GB'
[2023-05-08 02:06:31,145] Add_product_to_Cart - Step 03: Select to HDD radiobtn with value is '320 GB'
[2023-05-08 02:06:31,526] Add_product_to_Cart - Step 04: Select to OS radiobtn with value is 'Vista Premium'
[2023-05-08 02:06:31,894] Add_product_to_Cart - Step 05: Select to Software checkbox with value is 'Acrobat Reader'
[2023-05-08 02:06:32,274] Add_product_to_Cart - Step 06: Verify current product price is displayed
[2023-05-08 02:06:32,500]  -------------------------- PASSED -------------------------- 
[2023-05-08 02:06:32,500] Add_product_to_Cart - Step 07: Click to [Add to Cart] btn
[2023-05-08 02:06:33,329]  -------------------------- PASSED -------------------------- 
[2023-05-08 02:06:34,817]  -------------------------- PASSED -------------------------- 
[2023-05-08 02:06:35,056]  -------------------------- PASSED -------------------------- 
[2023-05-08 02:06:35,471]  -------------------------- PASSED -------------------------- 
[2023-05-08 02:06:35,659]  -------------------------- PASSED -------------------------- 
[2023-05-08 02:06:35,847]  -------------------------- PASSED -------------------------- 
[2023-05-08 02:06:36,015]  -------------------------- PASSED -------------------------- 
[2023-05-08 02:06:36,190]  -------------------------- PASSED -------------------------- 
[2023-05-08 02:06:36,206] TCS_02_Edit_product_in_Shopping_Cart
[2023-05-08 02:06:40,359]  -------------------------- PASSED -------------------------- 
[2023-05-08 02:06:41,375]  -------------------------- PASSED -------------------------- 
[2023-05-08 02:06:43,001]  -------------------------- PASSED -------------------------- 
[2023-05-08 02:06:43,227]  -------------------------- PASSED -------------------------- 
[2023-05-08 02:06:43,724]  -------------------------- PASSED -------------------------- 
[2023-05-08 02:06:43,973]  -------------------------- PASSED -------------------------- 
[2023-05-08 02:06:44,194]  -------------------------- PASSED -------------------------- 
[2023-05-08 02:06:44,419]  -------------------------- PASSED -------------------------- 
[2023-05-08 02:06:44,655]  -------------------------- PASSED -------------------------- 
[2023-05-08 02:06:44,860]  -------------------------- PASSED -------------------------- 
[2023-05-08 02:06:45,086]  -------------------------- PASSED -------------------------- 
[2023-05-08 02:06:46,255]  -------------------------- PASSED -------------------------- 
[2023-05-08 02:06:53,964]  -------------------------- PASSED -------------------------- 
[2023-05-08 02:07:05,966]  -------------------------- PASSED -------------------------- 
[2023-05-08 02:07:06,189]  -------------------------- PASSED -------------------------- 
[2023-05-08 02:07:06,520]  -------------------------- PASSED -------------------------- 
[2023-05-08 02:07:06,845]  -------------------------- PASSED -------------------------- 
[2023-05-08 02:07:07,126]  -------------------------- PASSED -------------------------- 
[2023-05-08 02:07:07,371]  -------------------------- PASSED -------------------------- 
[2023-05-08 02:07:07,596]  -------------------------- PASSED -------------------------- 
[2023-05-08 02:07:07,781]  -------------------------- PASSED -------------------------- 
[2023-05-08 02:07:07,992]  -------------------------- PASSED -------------------------- 
[2023-05-08 02:07:08,210]  -------------------------- PASSED -------------------------- 
[2023-05-08 02:07:08,430]  -------------------------- PASSED -------------------------- 
[2023-05-08 02:07:08,642]  -------------------------- PASSED -------------------------- 
[2023-05-08 02:07:08,859]  -------------------------- PASSED -------------------------- 
[2023-05-08 02:07:09,087]  -------------------------- PASSED -------------------------- 
[2023-05-08 02:07:09,259]  -------------------------- PASSED -------------------------- 
[2023-05-08 02:07:09,476]  -------------------------- PASSED -------------------------- 
[2023-05-08 02:07:09,690]  -------------------------- PASSED -------------------------- 
[2023-05-08 02:07:09,895]  -------------------------- PASSED -------------------------- 
[2023-05-08 02:07:10,073]  -------------------------- PASSED -------------------------- 
[2023-05-08 02:07:10,312]  -------------------------- PASSED -------------------------- 
[2023-05-08 02:07:10,434]  -------------------------- PASSED -------------------------- 
[2023-05-08 02:07:10,616]  -------------------------- PASSED -------------------------- 
[2023-05-08 02:07:10,732]  -------------------------- PASSED -------------------------- 
[2023-05-08 02:07:10,922]  -------------------------- PASSED -------------------------- 
[2023-05-08 02:07:11,091]  -------------------------- PASSED -------------------------- 
[2023-05-08 02:07:11,280]  -------------------------- PASSED -------------------------- 
[2023-05-08 02:07:11,453]  -------------------------- PASSED -------------------------- 
[2023-05-08 02:07:11,631]  -------------------------- PASSED -------------------------- 
[2023-05-08 02:07:11,836]  -------------------------- PASSED -------------------------- 
[2023-05-08 02:07:13,240]  -------------------------- PASSED -------------------------- 
[2023-05-08 02:07:13,403]  -------------------------- PASSED -------------------------- 
[2023-05-08 02:12:42,359] Add_product_to_Cart - Step 01: Select to Processor dropdown with value is '2.2 GHz Intel Pentium Dual-Core E2200'
[2023-05-08 02:12:42,880] Add_product_to_Cart - Step 02: Select to RAM dropdown with value is '2 GB'
[2023-05-08 02:12:43,292] Add_product_to_Cart - Step 03: Select to HDD radiobtn with value is '320 GB'
[2023-05-08 02:12:43,673] Add_product_to_Cart - Step 04: Select to OS radiobtn with value is 'Vista Premium'
[2023-05-08 02:12:44,059] Add_product_to_Cart - Step 05: Select to Software checkbox with value is 'Acrobat Reader'
[2023-05-08 02:12:44,428] Add_product_to_Cart - Step 06: Verify current product price is displayed
[2023-05-08 02:12:44,647]  -------------------------- PASSED -------------------------- 
[2023-05-08 02:12:44,647] Add_product_to_Cart - Step 07: Click to [Add to Cart] btn
[2023-05-08 02:12:45,438]  -------------------------- PASSED -------------------------- 
[2023-05-08 02:12:46,981]  -------------------------- PASSED -------------------------- 
[2023-05-08 02:12:47,382]  -------------------------- PASSED -------------------------- 
[2023-05-08 02:12:47,658]  -------------------------- PASSED -------------------------- 
[2023-05-08 02:12:47,904]  -------------------------- PASSED -------------------------- 
[2023-05-08 02:12:48,110]  -------------------------- PASSED -------------------------- 
[2023-05-08 02:12:48,360]  -------------------------- PASSED -------------------------- 
[2023-05-08 02:12:48,593]  -------------------------- PASSED -------------------------- 
[2023-05-08 02:12:48,618] TCS_02_Edit_product_in_Shopping_Cart
[2023-05-08 02:12:52,968]  -------------------------- PASSED -------------------------- 
[2023-05-08 02:12:53,834]  -------------------------- PASSED -------------------------- 
[2023-05-08 02:12:55,257]  -------------------------- PASSED -------------------------- 
[2023-05-08 02:12:55,486]  -------------------------- PASSED -------------------------- 
[2023-05-08 02:12:55,897]  -------------------------- PASSED -------------------------- 
[2023-05-08 02:12:56,115]  -------------------------- PASSED -------------------------- 
[2023-05-08 02:12:56,334]  -------------------------- PASSED -------------------------- 
[2023-05-08 02:12:56,551]  -------------------------- PASSED -------------------------- 
[2023-05-08 02:12:56,757]  -------------------------- PASSED -------------------------- 
[2023-05-08 02:12:56,938]  -------------------------- PASSED -------------------------- 
[2023-05-08 02:12:57,135]  -------------------------- PASSED -------------------------- 
[2023-05-08 02:12:58,151]  -------------------------- PASSED -------------------------- 
[2023-05-08 02:13:05,282]  -------------------------- PASSED -------------------------- 
[2023-05-08 02:13:17,780]  -------------------------- PASSED -------------------------- 
[2023-05-08 02:13:17,970]  -------------------------- PASSED -------------------------- 
[2023-05-08 02:13:18,166]  -------------------------- PASSED -------------------------- 
[2023-05-08 02:13:18,420]  -------------------------- PASSED -------------------------- 
[2023-05-08 02:13:18,669]  -------------------------- PASSED -------------------------- 
[2023-05-08 02:13:18,984]  -------------------------- PASSED -------------------------- 
[2023-05-08 02:13:19,248]  -------------------------- PASSED -------------------------- 
[2023-05-08 02:13:19,491]  -------------------------- PASSED -------------------------- 
[2023-05-08 02:13:19,720]  -------------------------- PASSED -------------------------- 
[2023-05-08 02:13:20,006]  -------------------------- PASSED -------------------------- 
[2023-05-08 02:13:20,276]  -------------------------- PASSED -------------------------- 
[2023-05-08 02:13:20,542]  -------------------------- PASSED -------------------------- 
[2023-05-08 02:13:20,927]  -------------------------- PASSED -------------------------- 
[2023-05-08 02:13:21,257]  -------------------------- PASSED -------------------------- 
[2023-05-08 02:13:21,578]  -------------------------- PASSED -------------------------- 
[2023-05-08 02:13:21,846]  -------------------------- PASSED -------------------------- 
[2023-05-08 02:13:22,121]  -------------------------- PASSED -------------------------- 
[2023-05-08 02:13:22,425]  -------------------------- PASSED -------------------------- 
[2023-05-08 02:13:22,759]  -------------------------- PASSED -------------------------- 
[2023-05-08 02:13:23,054]  -------------------------- PASSED -------------------------- 
[2023-05-08 02:13:23,265]  -------------------------- PASSED -------------------------- 
[2023-05-08 02:13:23,491]  -------------------------- PASSED -------------------------- 
[2023-05-08 02:13:23,685]  -------------------------- PASSED -------------------------- 
[2023-05-08 02:13:23,894]  -------------------------- PASSED -------------------------- 
[2023-05-08 02:13:24,162]  -------------------------- PASSED -------------------------- 
[2023-05-08 02:13:24,395]  -------------------------- PASSED -------------------------- 
[2023-05-08 02:13:24,626]  -------------------------- PASSED -------------------------- 
[2023-05-08 02:13:24,846]  -------------------------- PASSED -------------------------- 
[2023-05-08 02:13:25,085]  -------------------------- PASSED -------------------------- 
[2023-05-08 02:13:26,826]  -------------------------- PASSED -------------------------- 
[2023-05-08 02:13:27,018]  -------------------------- PASSED -------------------------- 
[2023-05-08 02:28:47,968] Add_product_to_Cart - Step 01: Select to Processor dropdown with value is '2.2 GHz Intel Pentium Dual-Core E2200'
[2023-05-08 02:28:48,536] Add_product_to_Cart - Step 02: Select to RAM dropdown with value is '2 GB'
[2023-05-08 02:28:48,992] Add_product_to_Cart - Step 03: Select to HDD radiobtn with value is '320 GB'
[2023-05-08 02:28:49,346] Add_product_to_Cart - Step 04: Select to OS radiobtn with value is 'Vista Premium'
[2023-05-08 02:28:49,579] Add_product_to_Cart - Step 05: Select to Software checkbox with value is 'Acrobat Reader'
[2023-05-08 02:28:49,847] Add_product_to_Cart - Step 06: Verify current product price is displayed
[2023-05-08 02:28:50,038]  -------------------------- PASSED -------------------------- 
[2023-05-08 02:28:50,038] Add_product_to_Cart - Step 07: Click to [Add to Cart] btn
[2023-05-08 02:28:50,865]  -------------------------- PASSED -------------------------- 
[2023-05-08 02:28:52,275]  -------------------------- PASSED -------------------------- 
[2023-05-08 02:28:52,497]  -------------------------- PASSED -------------------------- 
[2023-05-08 02:28:52,856]  -------------------------- PASSED -------------------------- 
[2023-05-08 02:28:53,045]  -------------------------- PASSED -------------------------- 
[2023-05-08 02:28:53,224]  -------------------------- PASSED -------------------------- 
[2023-05-08 02:28:53,408]  -------------------------- PASSED -------------------------- 
[2023-05-08 02:28:53,591]  -------------------------- PASSED -------------------------- 
[2023-05-08 02:28:53,612] TCS_02_Edit_product_in_Shopping_Cart
[2023-05-08 02:28:57,619]  -------------------------- PASSED -------------------------- 
[2023-05-08 02:28:58,457]  -------------------------- PASSED -------------------------- 
[2023-05-08 02:29:00,202]  -------------------------- PASSED -------------------------- 
[2023-05-08 02:29:00,620]  -------------------------- PASSED -------------------------- 
[2023-05-08 02:29:00,860]  -------------------------- PASSED -------------------------- 
[2023-05-08 02:29:01,062]  -------------------------- PASSED -------------------------- 
[2023-05-08 02:29:01,258]  -------------------------- PASSED -------------------------- 
[2023-05-08 02:29:01,446]  -------------------------- PASSED -------------------------- 
[2023-05-08 02:29:01,616]  -------------------------- PASSED -------------------------- 
[2023-05-08 02:29:01,788]  -------------------------- PASSED -------------------------- 
[2023-05-08 02:29:01,965]  -------------------------- PASSED -------------------------- 
[2023-05-08 02:29:02,992]  -------------------------- PASSED -------------------------- 
[2023-05-08 02:29:09,972]  -------------------------- PASSED -------------------------- 
[2023-05-08 02:29:22,090]  -------------------------- PASSED -------------------------- 
[2023-05-08 02:29:22,214]  -------------------------- PASSED -------------------------- 
[2023-05-08 02:29:22,435]  -------------------------- PASSED -------------------------- 
[2023-05-08 02:29:22,679]  -------------------------- PASSED -------------------------- 
[2023-05-08 02:29:22,995]  -------------------------- PASSED -------------------------- 
[2023-05-08 02:29:23,263]  -------------------------- PASSED -------------------------- 
[2023-05-08 02:29:23,513]  -------------------------- PASSED -------------------------- 
[2023-05-08 02:29:23,757]  -------------------------- PASSED -------------------------- 
[2023-05-08 02:29:24,090]  -------------------------- PASSED -------------------------- 
[2023-05-08 02:29:24,241]  -------------------------- PASSED -------------------------- 
[2023-05-08 02:29:24,472]  -------------------------- PASSED -------------------------- 
[2023-05-08 02:29:24,681]  -------------------------- PASSED -------------------------- 
[2023-05-08 02:29:24,858]  -------------------------- PASSED -------------------------- 
[2023-05-08 02:29:25,005]  -------------------------- PASSED -------------------------- 
[2023-05-08 02:29:25,117]  -------------------------- PASSED -------------------------- 
[2023-05-08 02:29:25,254]  -------------------------- PASSED -------------------------- 
[2023-05-08 02:29:25,417]  -------------------------- PASSED -------------------------- 
[2023-05-08 02:29:25,523]  -------------------------- PASSED -------------------------- 
[2023-05-08 02:29:25,657]  -------------------------- PASSED -------------------------- 
[2023-05-08 02:29:25,781]  -------------------------- PASSED -------------------------- 
[2023-05-08 02:29:25,874]  -------------------------- PASSED -------------------------- 
[2023-05-08 02:29:26,034]  -------------------------- PASSED -------------------------- 
[2023-05-08 02:29:26,124]  -------------------------- PASSED -------------------------- 
[2023-05-08 02:29:26,262]  -------------------------- PASSED -------------------------- 
[2023-05-08 02:29:26,347]  -------------------------- PASSED -------------------------- 
[2023-05-08 02:29:26,453]  -------------------------- PASSED -------------------------- 
[2023-05-08 02:29:26,616]  -------------------------- PASSED -------------------------- 
[2023-05-08 02:29:26,801]  -------------------------- PASSED -------------------------- 
[2023-05-08 02:29:26,962]  -------------------------- PASSED -------------------------- 
[2023-05-08 02:29:28,168]  -------------------------- PASSED -------------------------- 
[2023-05-08 02:29:28,289]  -------------------------- PASSED -------------------------- 
[2023-05-08 02:30:26,906]  -------------------------- PASSED -------------------------- 
[2023-05-08 02:30:27,126]  -------------------------- PASSED -------------------------- 
[2023-05-08 02:30:27,347]  -------------------------- PASSED -------------------------- 
[2023-05-08 02:30:27,570]  -------------------------- PASSED -------------------------- 
[2023-05-08 02:30:27,784]  -------------------------- PASSED -------------------------- 
[2023-05-08 02:30:28,000]  -------------------------- PASSED -------------------------- 
[2023-05-08 02:30:28,233]  -------------------------- PASSED -------------------------- 
[2023-05-08 02:30:28,456]  -------------------------- PASSED -------------------------- 
[2023-05-08 02:30:28,684]  -------------------------- PASSED -------------------------- 
[2023-05-08 02:30:28,923]  -------------------------- PASSED -------------------------- 
[2023-05-08 02:30:29,168]  -------------------------- PASSED -------------------------- 
[2023-05-08 02:30:29,406]  -------------------------- PASSED -------------------------- 
[2023-05-08 02:30:29,665]  -------------------------- PASSED -------------------------- 
[2023-05-08 02:30:29,908]  -------------------------- PASSED -------------------------- 
[2023-05-08 02:30:30,201]  -------------------------- PASSED -------------------------- 
[2023-05-08 02:30:30,442]  -------------------------- PASSED -------------------------- 
[2023-05-08 02:30:30,711]  -------------------------- PASSED -------------------------- 
[2023-05-08 02:30:30,955]  -------------------------- PASSED -------------------------- 
[2023-05-08 02:30:31,182]  -------------------------- PASSED -------------------------- 
[2023-05-08 02:30:31,546]  -------------------------- PASSED -------------------------- 
[2023-05-08 02:30:31,867]  -------------------------- PASSED -------------------------- 
[2023-05-08 02:30:32,165]  -------------------------- PASSED -------------------------- 
[2023-05-08 02:30:32,454]  -------------------------- PASSED -------------------------- 
[2023-05-08 02:30:32,728]  -------------------------- PASSED -------------------------- 
[2023-05-08 02:30:32,990]  -------------------------- PASSED -------------------------- 
[2023-05-08 02:30:33,272]  -------------------------- PASSED -------------------------- 
[2023-05-08 02:30:33,490]  -------------------------- PASSED -------------------------- 
[2023-05-08 02:30:33,721]  -------------------------- PASSED -------------------------- 
[2023-05-08 02:30:33,940]  -------------------------- PASSED -------------------------- 
[2023-05-08 02:30:35,547]  -------------------------- PASSED -------------------------- 
[2023-05-08 02:30:35,768]  -------------------------- PASSED -------------------------- 
[2023-05-08 02:35:02,086] Add_product_to_Cart - Step 01: Select to Processor dropdown with value is '2.2 GHz Intel Pentium Dual-Core E2200'
[2023-05-08 02:35:02,580] Add_product_to_Cart - Step 02: Select to RAM dropdown with value is '2 GB'
[2023-05-08 02:35:02,949] Add_product_to_Cart - Step 03: Select to HDD radiobtn with value is '320 GB'
[2023-05-08 02:35:03,358] Add_product_to_Cart - Step 04: Select to OS radiobtn with value is 'Vista Premium'
[2023-05-08 02:35:03,716] Add_product_to_Cart - Step 05: Select to Software checkbox with value is 'Acrobat Reader'
[2023-05-08 02:35:04,039] Add_product_to_Cart - Step 06: Verify current product price is displayed
[2023-05-08 02:35:04,185]  -------------------------- PASSED -------------------------- 
[2023-05-08 02:35:04,185] Add_product_to_Cart - Step 07: Click to [Add to Cart] btn
[2023-05-08 02:35:04,937]  -------------------------- PASSED -------------------------- 
[2023-05-08 02:35:06,396]  -------------------------- PASSED -------------------------- 
[2023-05-08 02:35:06,651]  -------------------------- PASSED -------------------------- 
[2023-05-08 02:35:07,069]  -------------------------- PASSED -------------------------- 
[2023-05-08 02:35:07,271]  -------------------------- PASSED -------------------------- 
[2023-05-08 02:35:07,517]  -------------------------- PASSED -------------------------- 
[2023-05-08 02:35:07,709]  -------------------------- PASSED -------------------------- 
[2023-05-08 02:35:07,886]  -------------------------- PASSED -------------------------- 
[2023-05-08 02:35:07,903] TCS_02_Edit_product_in_Shopping_Cart
[2023-05-08 02:35:12,087]  -------------------------- PASSED -------------------------- 
[2023-05-08 02:35:12,848]  -------------------------- PASSED -------------------------- 
[2023-05-08 02:35:14,504]  -------------------------- PASSED -------------------------- 
[2023-05-08 02:35:14,881]  -------------------------- PASSED -------------------------- 
[2023-05-08 02:35:15,131]  -------------------------- PASSED -------------------------- 
[2023-05-08 02:35:15,349]  -------------------------- PASSED -------------------------- 
[2023-05-08 02:35:15,585]  -------------------------- PASSED -------------------------- 
[2023-05-08 02:35:15,779]  -------------------------- PASSED -------------------------- 
[2023-05-08 02:35:16,013]  -------------------------- PASSED -------------------------- 
[2023-05-08 02:35:16,236]  -------------------------- PASSED -------------------------- 
[2023-05-08 02:35:16,499]  -------------------------- PASSED -------------------------- 
[2023-05-08 02:35:17,698]  -------------------------- PASSED -------------------------- 
[2023-05-08 02:35:25,092]  -------------------------- PASSED -------------------------- 
[2023-05-08 02:35:36,358]  -------------------------- PASSED -------------------------- 
[2023-05-08 02:35:36,655]  -------------------------- PASSED -------------------------- 
[2023-05-08 02:35:36,939]  -------------------------- PASSED -------------------------- 
[2023-05-08 02:35:37,175]  -------------------------- PASSED -------------------------- 
[2023-05-08 02:35:37,436]  -------------------------- PASSED -------------------------- 
[2023-05-08 02:35:37,671]  -------------------------- PASSED -------------------------- 
[2023-05-08 02:35:37,857]  -------------------------- PASSED -------------------------- 
[2023-05-08 02:35:37,976]  -------------------------- PASSED -------------------------- 
[2023-05-08 02:35:38,239]  -------------------------- PASSED -------------------------- 
[2023-05-08 02:35:38,531]  -------------------------- PASSED -------------------------- 
[2023-05-08 02:35:38,757]  -------------------------- PASSED -------------------------- 
[2023-05-08 02:35:38,982]  -------------------------- PASSED -------------------------- 
[2023-05-08 02:35:39,273]  -------------------------- PASSED -------------------------- 
[2023-05-08 02:35:39,493]  -------------------------- PASSED -------------------------- 
[2023-05-08 02:35:39,699]  -------------------------- PASSED -------------------------- 
[2023-05-08 02:35:39,874]  -------------------------- PASSED -------------------------- 
[2023-05-08 02:35:40,012]  -------------------------- PASSED -------------------------- 
[2023-05-08 02:35:40,173]  -------------------------- PASSED -------------------------- 
[2023-05-08 02:35:40,375]  -------------------------- PASSED -------------------------- 
[2023-05-08 02:35:40,590]  -------------------------- PASSED -------------------------- 
[2023-05-08 02:35:40,747]  -------------------------- PASSED -------------------------- 
[2023-05-08 02:35:40,880]  -------------------------- PASSED -------------------------- 
[2023-05-08 02:35:40,980]  -------------------------- PASSED -------------------------- 
[2023-05-08 02:35:41,058]  -------------------------- PASSED -------------------------- 
[2023-05-08 02:35:41,179]  -------------------------- PASSED -------------------------- 
[2023-05-08 02:35:41,320]  -------------------------- PASSED -------------------------- 
[2023-05-08 02:35:41,423]  -------------------------- PASSED -------------------------- 
[2023-05-08 02:35:41,504]  -------------------------- PASSED -------------------------- 
[2023-05-08 02:35:41,597]  -------------------------- PASSED -------------------------- 
[2023-05-08 02:35:42,928]  -------------------------- PASSED -------------------------- 
[2023-05-08 02:35:43,094]  -------------------------- PASSED -------------------------- 
[2023-05-08 02:35:47,732]  -------------------------- PASSED -------------------------- 
[2023-05-08 02:35:59,321]  -------------------------- PASSED -------------------------- 
[2023-05-08 02:35:59,518]  -------------------------- PASSED -------------------------- 
[2023-05-08 02:35:59,743]  -------------------------- PASSED -------------------------- 
[2023-05-08 02:35:59,948]  -------------------------- PASSED -------------------------- 
[2023-05-08 02:36:00,167]  -------------------------- PASSED -------------------------- 
[2023-05-08 02:36:00,314]  -------------------------- PASSED -------------------------- 
[2023-05-08 02:36:00,510]  -------------------------- PASSED -------------------------- 
[2023-05-08 02:36:00,730]  -------------------------- PASSED -------------------------- 
[2023-05-08 02:36:00,961]  -------------------------- PASSED -------------------------- 
[2023-05-08 02:36:01,199]  -------------------------- PASSED -------------------------- 
[2023-05-08 02:36:01,429]  -------------------------- PASSED -------------------------- 
[2023-05-08 02:36:01,572]  -------------------------- PASSED -------------------------- 
[2023-05-08 02:36:01,726]  -------------------------- PASSED -------------------------- 
[2023-05-08 02:36:01,906]  -------------------------- PASSED -------------------------- 
[2023-05-08 02:36:02,090]  -------------------------- PASSED -------------------------- 
[2023-05-08 02:36:02,305]  -------------------------- PASSED -------------------------- 
[2023-05-08 02:36:02,522]  -------------------------- PASSED -------------------------- 
[2023-05-08 02:36:02,739]  -------------------------- PASSED -------------------------- 
[2023-05-08 02:36:02,971]  -------------------------- PASSED -------------------------- 
[2023-05-08 02:36:03,151]  -------------------------- PASSED -------------------------- 
[2023-05-08 02:36:03,314]  -------------------------- PASSED -------------------------- 
[2023-05-08 02:36:03,485]  -------------------------- PASSED -------------------------- 
[2023-05-08 02:36:03,671]  -------------------------- PASSED -------------------------- 
[2023-05-08 02:36:03,853]  -------------------------- PASSED -------------------------- 
[2023-05-08 02:36:04,051]  -------------------------- PASSED -------------------------- 
[2023-05-08 02:36:04,235]  -------------------------- PASSED -------------------------- 
[2023-05-08 02:36:04,455]  -------------------------- PASSED -------------------------- 
[2023-05-08 02:36:04,671]  -------------------------- PASSED -------------------------- 
[2023-05-08 02:36:04,897]  -------------------------- PASSED -------------------------- 
[2023-05-08 02:39:42,352] Add_product_to_Cart - Step 01: Select to Processor dropdown with value is '2.2 GHz Intel Pentium Dual-Core E2200'
[2023-05-08 02:39:42,865] Add_product_to_Cart - Step 02: Select to RAM dropdown with value is '2 GB'
[2023-05-08 02:39:43,284] Add_product_to_Cart - Step 03: Select to HDD radiobtn with value is '320 GB'
[2023-05-08 02:39:43,665] Add_product_to_Cart - Step 04: Select to OS radiobtn with value is 'Vista Premium'
[2023-05-08 02:39:44,021] Add_product_to_Cart - Step 05: Select to Software checkbox with value is 'Acrobat Reader'
[2023-05-08 02:39:44,410] Add_product_to_Cart - Step 06: Verify current product price is displayed
[2023-05-08 02:39:44,636]  -------------------------- PASSED -------------------------- 
[2023-05-08 02:39:44,637] Add_product_to_Cart - Step 07: Click to [Add to Cart] btn
[2023-05-08 02:39:45,625]  -------------------------- PASSED -------------------------- 
[2023-05-08 02:39:47,043]  -------------------------- PASSED -------------------------- 
[2023-05-08 02:39:47,406]  -------------------------- PASSED -------------------------- 
[2023-05-08 02:39:47,708]  -------------------------- PASSED -------------------------- 
[2023-05-08 02:39:47,877]  -------------------------- PASSED -------------------------- 
[2023-05-08 02:39:48,068]  -------------------------- PASSED -------------------------- 
[2023-05-08 02:39:48,238]  -------------------------- PASSED -------------------------- 
[2023-05-08 02:39:48,410]  -------------------------- PASSED -------------------------- 
[2023-05-08 02:39:48,425] TCS_02_Edit_product_in_Shopping_Cart
[2023-05-08 02:39:52,621]  -------------------------- PASSED -------------------------- 
[2023-05-08 02:39:53,451]  -------------------------- PASSED -------------------------- 
[2023-05-08 02:39:54,832]  -------------------------- PASSED -------------------------- 
[2023-05-08 02:39:55,056]  -------------------------- PASSED -------------------------- 
[2023-05-08 02:39:55,317]  -------------------------- PASSED -------------------------- 
[2023-05-08 02:39:55,678]  -------------------------- PASSED -------------------------- 
[2023-05-08 02:39:55,924]  -------------------------- PASSED -------------------------- 
[2023-05-08 02:39:56,151]  -------------------------- PASSED -------------------------- 
[2023-05-08 02:39:56,372]  -------------------------- PASSED -------------------------- 
[2023-05-08 02:39:56,590]  -------------------------- PASSED -------------------------- 
[2023-05-08 02:39:56,814]  -------------------------- PASSED -------------------------- 
[2023-05-08 02:39:58,060]  -------------------------- PASSED -------------------------- 
[2023-05-08 02:40:05,375]  -------------------------- PASSED -------------------------- 
[2023-05-08 02:40:19,473]  -------------------------- PASSED -------------------------- 
[2023-05-08 02:40:19,700]  -------------------------- PASSED -------------------------- 
[2023-05-08 02:40:19,922]  -------------------------- PASSED -------------------------- 
[2023-05-08 02:40:20,145]  -------------------------- PASSED -------------------------- 
[2023-05-08 02:40:20,375]  -------------------------- PASSED -------------------------- 
[2023-05-08 02:40:20,531]  -------------------------- PASSED -------------------------- 
[2023-05-08 02:40:20,755]  -------------------------- PASSED -------------------------- 
[2023-05-08 02:40:20,988]  -------------------------- PASSED -------------------------- 
[2023-05-08 02:40:21,214]  -------------------------- PASSED -------------------------- 
[2023-05-08 02:40:21,543]  -------------------------- PASSED -------------------------- 
[2023-05-08 02:40:21,811]  -------------------------- PASSED -------------------------- 
[2023-05-08 02:40:22,029]  -------------------------- PASSED -------------------------- 
[2023-05-08 02:40:22,258]  -------------------------- PASSED -------------------------- 
[2023-05-08 02:40:22,499]  -------------------------- PASSED -------------------------- 
[2023-05-08 02:40:22,702]  -------------------------- PASSED -------------------------- 
[2023-05-08 02:40:22,827]  -------------------------- PASSED -------------------------- 
[2023-05-08 02:40:22,933]  -------------------------- PASSED -------------------------- 
[2023-05-08 02:40:23,179]  -------------------------- PASSED -------------------------- 
[2023-05-08 02:40:23,448]  -------------------------- PASSED -------------------------- 
[2023-05-08 02:40:23,666]  -------------------------- PASSED -------------------------- 
[2023-05-08 02:40:23,845]  -------------------------- PASSED -------------------------- 
[2023-05-08 02:40:23,973]  -------------------------- PASSED -------------------------- 
[2023-05-08 02:40:24,102]  -------------------------- PASSED -------------------------- 
[2023-05-08 02:40:24,203]  -------------------------- PASSED -------------------------- 
[2023-05-08 02:40:24,300]  -------------------------- PASSED -------------------------- 
[2023-05-08 02:40:24,401]  -------------------------- PASSED -------------------------- 
[2023-05-08 02:40:24,504]  -------------------------- PASSED -------------------------- 
[2023-05-08 02:40:24,596]  -------------------------- PASSED -------------------------- 
[2023-05-08 02:40:24,677]  -------------------------- PASSED -------------------------- 
[2023-05-08 02:40:25,963]  -------------------------- PASSED -------------------------- 
[2023-05-08 02:40:26,115]  -------------------------- PASSED -------------------------- 
[2023-05-08 02:40:31,033]  -------------------------- PASSED -------------------------- 
[2023-05-08 02:40:43,075]  -------------------------- PASSED -------------------------- 
[2023-05-08 02:40:43,269]  -------------------------- PASSED -------------------------- 
[2023-05-08 02:40:43,488]  -------------------------- PASSED -------------------------- 
[2023-05-08 02:40:43,704]  -------------------------- PASSED -------------------------- 
[2023-05-08 02:40:43,924]  -------------------------- PASSED -------------------------- 
[2023-05-08 02:40:44,095]  -------------------------- PASSED -------------------------- 
[2023-05-08 02:40:44,274]  -------------------------- PASSED -------------------------- 
[2023-05-08 02:40:44,483]  -------------------------- PASSED -------------------------- 
[2023-05-08 02:40:44,707]  -------------------------- PASSED -------------------------- 
[2023-05-08 02:40:44,939]  -------------------------- PASSED -------------------------- 
[2023-05-08 02:40:45,148]  -------------------------- PASSED -------------------------- 
[2023-05-08 02:40:45,370]  -------------------------- PASSED -------------------------- 
[2023-05-08 02:40:45,548]  -------------------------- PASSED -------------------------- 
[2023-05-08 02:40:45,777]  -------------------------- PASSED -------------------------- 
[2023-05-08 02:40:46,004]  -------------------------- PASSED -------------------------- 
[2023-05-08 02:40:46,222]  -------------------------- PASSED -------------------------- 
[2023-05-08 02:40:46,445]  -------------------------- PASSED -------------------------- 
[2023-05-08 02:40:46,695]  -------------------------- PASSED -------------------------- 
[2023-05-08 02:40:46,930]  -------------------------- PASSED -------------------------- 
[2023-05-08 02:40:47,171]  -------------------------- PASSED -------------------------- 
[2023-05-08 02:40:47,358]  -------------------------- PASSED -------------------------- 
[2023-05-08 02:40:47,539]  -------------------------- PASSED -------------------------- 
[2023-05-08 02:40:47,734]  -------------------------- PASSED -------------------------- 
[2023-05-08 02:40:47,906]  -------------------------- PASSED -------------------------- 
[2023-05-08 02:40:48,078]  -------------------------- PASSED -------------------------- 
[2023-05-08 02:40:48,284]  -------------------------- PASSED -------------------------- 
[2023-05-08 02:40:48,493]  -------------------------- PASSED -------------------------- 
[2023-05-08 02:40:48,690]  -------------------------- PASSED -------------------------- 
[2023-05-08 02:40:48,876]  -------------------------- PASSED -------------------------- 
[2023-05-08 02:41:24,279] Add_product_to_Cart - Step 01: Select to Processor dropdown with value is '2.2 GHz Intel Pentium Dual-Core E2200'
[2023-05-08 02:41:24,760] Add_product_to_Cart - Step 02: Select to RAM dropdown with value is '2 GB'
[2023-05-08 02:41:25,154] Add_product_to_Cart - Step 03: Select to HDD radiobtn with value is '320 GB'
[2023-05-08 02:41:25,536] Add_product_to_Cart - Step 04: Select to OS radiobtn with value is 'Vista Premium'
[2023-05-08 02:41:25,909] Add_product_to_Cart - Step 05: Select to Software checkbox with value is 'Acrobat Reader'
[2023-05-08 02:41:26,277] Add_product_to_Cart - Step 06: Verify current product price is displayed
[2023-05-08 02:41:26,509]  -------------------------- PASSED -------------------------- 
[2023-05-08 02:41:26,510] Add_product_to_Cart - Step 07: Click to [Add to Cart] btn
[2023-05-08 02:41:27,324]  -------------------------- PASSED -------------------------- 
[2023-05-08 02:41:28,771]  -------------------------- PASSED -------------------------- 
[2023-05-08 02:41:28,981]  -------------------------- PASSED -------------------------- 
[2023-05-08 02:41:29,304]  -------------------------- PASSED -------------------------- 
[2023-05-08 02:41:29,555]  -------------------------- PASSED -------------------------- 
[2023-05-08 02:41:29,799]  -------------------------- PASSED -------------------------- 
[2023-05-08 02:41:30,033]  -------------------------- PASSED -------------------------- 
[2023-05-08 02:41:30,271]  -------------------------- PASSED -------------------------- 
[2023-05-08 02:41:30,293] TCS_02_Edit_product_in_Shopping_Cart
[2023-05-08 02:41:34,965]  -------------------------- PASSED -------------------------- 
[2023-05-08 02:41:35,772]  -------------------------- PASSED -------------------------- 
[2023-05-08 02:41:37,120]  -------------------------- PASSED -------------------------- 
[2023-05-08 02:41:37,333]  -------------------------- PASSED -------------------------- 
[2023-05-08 02:41:37,648]  -------------------------- PASSED -------------------------- 
[2023-05-08 02:41:37,873]  -------------------------- PASSED -------------------------- 
[2023-05-08 02:41:38,073]  -------------------------- PASSED -------------------------- 
[2023-05-08 02:41:38,227]  -------------------------- PASSED -------------------------- 
[2023-05-08 02:41:38,327]  -------------------------- PASSED -------------------------- 
[2023-05-08 02:41:38,463]  -------------------------- PASSED -------------------------- 
[2023-05-08 02:41:38,555]  -------------------------- PASSED -------------------------- 
[2023-05-08 02:41:39,418]  -------------------------- PASSED -------------------------- 
[2023-05-08 02:41:45,124]  -------------------------- PASSED -------------------------- 
[2023-05-08 02:41:55,454]  -------------------------- PASSED -------------------------- 
[2023-05-08 02:41:55,678]  -------------------------- PASSED -------------------------- 
[2023-05-08 02:41:55,864]  -------------------------- PASSED -------------------------- 
[2023-05-08 02:41:56,063]  -------------------------- PASSED -------------------------- 
[2023-05-08 02:41:56,276]  -------------------------- PASSED -------------------------- 
[2023-05-08 02:41:56,453]  -------------------------- PASSED -------------------------- 
[2023-05-08 02:41:56,631]  -------------------------- PASSED -------------------------- 
[2023-05-08 02:41:56,853]  -------------------------- PASSED -------------------------- 
[2023-05-08 02:41:57,086]  -------------------------- PASSED -------------------------- 
[2023-05-08 02:41:57,332]  -------------------------- PASSED -------------------------- 
[2023-05-08 02:41:57,559]  -------------------------- PASSED -------------------------- 
[2023-05-08 02:41:57,790]  -------------------------- PASSED -------------------------- 
[2023-05-08 02:41:57,925]  -------------------------- PASSED -------------------------- 
[2023-05-08 02:41:58,155]  -------------------------- PASSED -------------------------- 
[2023-05-08 02:41:58,334]  -------------------------- PASSED -------------------------- 
[2023-05-08 02:41:58,508]  -------------------------- PASSED -------------------------- 
[2023-05-08 02:41:58,713]  -------------------------- PASSED -------------------------- 
[2023-05-08 02:41:58,933]  -------------------------- PASSED -------------------------- 
[2023-05-08 02:41:59,123]  -------------------------- PASSED -------------------------- 
[2023-05-08 02:41:59,371]  -------------------------- PASSED -------------------------- 
[2023-05-08 02:41:59,560]  -------------------------- PASSED -------------------------- 
[2023-05-08 02:41:59,731]  -------------------------- PASSED -------------------------- 
[2023-05-08 02:41:59,903]  -------------------------- PASSED -------------------------- 
[2023-05-08 02:42:00,090]  -------------------------- PASSED -------------------------- 
[2023-05-08 02:42:00,270]  -------------------------- PASSED -------------------------- 
[2023-05-08 02:42:00,457]  -------------------------- PASSED -------------------------- 
[2023-05-08 02:42:00,644]  -------------------------- PASSED -------------------------- 
[2023-05-08 02:42:00,813]  -------------------------- PASSED -------------------------- 
[2023-05-08 02:42:00,985]  -------------------------- PASSED -------------------------- 
[2023-05-08 02:42:02,562]  -------------------------- PASSED -------------------------- 
[2023-05-08 02:42:02,740]  -------------------------- PASSED -------------------------- 
[2023-05-08 02:42:07,680]  -------------------------- PASSED -------------------------- 
[2023-05-08 02:42:21,176]  -------------------------- PASSED -------------------------- 
[2023-05-08 02:42:21,399]  -------------------------- PASSED -------------------------- 
[2023-05-08 02:42:21,612]  -------------------------- PASSED -------------------------- 
[2023-05-08 02:42:21,847]  -------------------------- PASSED -------------------------- 
[2023-05-08 02:42:22,100]  -------------------------- PASSED -------------------------- 
[2023-05-08 02:42:22,329]  -------------------------- PASSED -------------------------- 
[2023-05-08 02:42:22,561]  -------------------------- PASSED -------------------------- 
[2023-05-08 02:42:22,790]  -------------------------- PASSED -------------------------- 
[2023-05-08 02:42:22,966]  -------------------------- PASSED -------------------------- 
[2023-05-08 02:42:23,239]  -------------------------- PASSED -------------------------- 
[2023-05-08 02:42:23,394]  -------------------------- PASSED -------------------------- 
[2023-05-08 02:42:23,501]  -------------------------- PASSED -------------------------- 
[2023-05-08 02:42:23,731]  -------------------------- PASSED -------------------------- 
[2023-05-08 02:42:23,963]  -------------------------- PASSED -------------------------- 
[2023-05-08 02:42:24,224]  -------------------------- PASSED -------------------------- 
[2023-05-08 02:42:24,461]  -------------------------- PASSED -------------------------- 
[2023-05-08 02:42:24,687]  -------------------------- PASSED -------------------------- 
[2023-05-08 02:42:24,897]  -------------------------- PASSED -------------------------- 
[2023-05-08 02:42:25,079]  -------------------------- PASSED -------------------------- 
[2023-05-08 02:42:25,291]  -------------------------- PASSED -------------------------- 
[2023-05-08 02:42:25,465]  -------------------------- PASSED -------------------------- 
[2023-05-08 02:42:25,669]  -------------------------- PASSED -------------------------- 
[2023-05-08 02:42:25,867]  -------------------------- PASSED -------------------------- 
[2023-05-08 02:42:26,057]  -------------------------- PASSED -------------------------- 
[2023-05-08 02:42:26,257]  -------------------------- PASSED -------------------------- 
[2023-05-08 02:42:26,421]  -------------------------- PASSED -------------------------- 
[2023-05-08 02:42:26,600]  -------------------------- PASSED -------------------------- 
[2023-05-08 02:42:26,772]  -------------------------- PASSED -------------------------- 
[2023-05-08 02:42:26,934]  -------------------------- PASSED -------------------------- 
[2023-05-08 02:44:33,267] Add_product_to_Cart - Step 01: Select to Processor dropdown with value is '2.2 GHz Intel Pentium Dual-Core E2200'
[2023-05-08 02:44:33,784] Add_product_to_Cart - Step 02: Select to RAM dropdown with value is '2 GB'
[2023-05-08 02:44:34,141] Add_product_to_Cart - Step 03: Select to HDD radiobtn with value is '320 GB'
[2023-05-08 02:44:34,502] Add_product_to_Cart - Step 04: Select to OS radiobtn with value is 'Vista Premium'
[2023-05-08 02:44:34,851] Add_product_to_Cart - Step 05: Select to Software checkbox with value is 'Acrobat Reader'
[2023-05-08 02:44:35,217] Add_product_to_Cart - Step 06: Verify current product price is displayed
[2023-05-08 02:44:35,428]  -------------------------- PASSED -------------------------- 
[2023-05-08 02:44:35,429] Add_product_to_Cart - Step 07: Click to [Add to Cart] btn
[2023-05-08 02:44:36,258]  -------------------------- PASSED -------------------------- 
[2023-05-08 02:44:37,716]  -------------------------- PASSED -------------------------- 
[2023-05-08 02:44:37,915]  -------------------------- PASSED -------------------------- 
[2023-05-08 02:44:38,240]  -------------------------- PASSED -------------------------- 
[2023-05-08 02:44:38,442]  -------------------------- PASSED -------------------------- 
[2023-05-08 02:44:38,633]  -------------------------- PASSED -------------------------- 
[2023-05-08 02:44:38,812]  -------------------------- PASSED -------------------------- 
[2023-05-08 02:44:38,978]  -------------------------- PASSED -------------------------- 
[2023-05-08 02:44:38,997] TCS_02_Edit_product_in_Shopping_Cart
[2023-05-08 02:44:43,794]  -------------------------- PASSED -------------------------- 
[2023-05-08 02:44:44,788]  -------------------------- PASSED -------------------------- 
[2023-05-08 02:44:46,372]  -------------------------- PASSED -------------------------- 
[2023-05-08 02:44:46,720]  -------------------------- PASSED -------------------------- 
[2023-05-08 02:44:46,990]  -------------------------- PASSED -------------------------- 
[2023-05-08 02:44:47,199]  -------------------------- PASSED -------------------------- 
[2023-05-08 02:44:47,438]  -------------------------- PASSED -------------------------- 
[2023-05-08 02:44:47,691]  -------------------------- PASSED -------------------------- 
[2023-05-08 02:44:47,981]  -------------------------- PASSED -------------------------- 
[2023-05-08 02:44:48,193]  -------------------------- PASSED -------------------------- 
[2023-05-08 02:44:48,398]  -------------------------- PASSED -------------------------- 
[2023-05-08 02:44:49,674]  -------------------------- PASSED -------------------------- 
[2023-05-08 02:44:57,123]  -------------------------- PASSED -------------------------- 
[2023-05-08 02:45:08,226]  -------------------------- PASSED -------------------------- 
[2023-05-08 02:45:08,417]  -------------------------- PASSED -------------------------- 
[2023-05-08 02:45:08,605]  -------------------------- PASSED -------------------------- 
[2023-05-08 02:45:08,756]  -------------------------- PASSED -------------------------- 
[2023-05-08 02:45:08,905]  -------------------------- PASSED -------------------------- 
[2023-05-08 02:45:09,079]  -------------------------- PASSED -------------------------- 
[2023-05-08 02:45:09,279]  -------------------------- PASSED -------------------------- 
[2023-05-08 02:45:09,493]  -------------------------- PASSED -------------------------- 
[2023-05-08 02:45:09,681]  -------------------------- PASSED -------------------------- 
[2023-05-08 02:45:09,874]  -------------------------- PASSED -------------------------- 
[2023-05-08 02:45:10,113]  -------------------------- PASSED -------------------------- 
[2023-05-08 02:45:10,240]  -------------------------- PASSED -------------------------- 
[2023-05-08 02:45:10,401]  -------------------------- PASSED -------------------------- 
[2023-05-08 02:45:10,641]  -------------------------- PASSED -------------------------- 
[2023-05-08 02:45:10,898]  -------------------------- PASSED -------------------------- 
[2023-05-08 02:45:11,065]  -------------------------- PASSED -------------------------- 
[2023-05-08 02:45:11,258]  -------------------------- PASSED -------------------------- 
[2023-05-08 02:45:11,435]  -------------------------- PASSED -------------------------- 
[2023-05-08 02:45:11,607]  -------------------------- PASSED -------------------------- 
[2023-05-08 02:45:11,791]  -------------------------- PASSED -------------------------- 
[2023-05-08 02:45:11,931]  -------------------------- PASSED -------------------------- 
[2023-05-08 02:45:12,093]  -------------------------- PASSED -------------------------- 
[2023-05-08 02:45:12,206]  -------------------------- PASSED -------------------------- 
[2023-05-08 02:45:12,330]  -------------------------- PASSED -------------------------- 
[2023-05-08 02:45:12,459]  -------------------------- PASSED -------------------------- 
[2023-05-08 02:45:12,593]  -------------------------- PASSED -------------------------- 
[2023-05-08 02:45:12,737]  -------------------------- PASSED -------------------------- 
[2023-05-08 02:45:12,848]  -------------------------- PASSED -------------------------- 
[2023-05-08 02:45:13,033]  -------------------------- PASSED -------------------------- 
[2023-05-08 02:45:14,458]  -------------------------- PASSED -------------------------- 
[2023-05-08 02:45:14,672]  -------------------------- PASSED -------------------------- 
[2023-05-08 02:45:19,525]  -------------------------- PASSED -------------------------- 
[2023-05-08 02:45:31,085]  -------------------------- PASSED -------------------------- 
[2023-05-08 02:45:31,279]  -------------------------- PASSED -------------------------- 
[2023-05-08 02:45:31,487]  -------------------------- PASSED -------------------------- 
[2023-05-08 02:45:31,750]  -------------------------- PASSED -------------------------- 
[2023-05-08 02:45:31,971]  -------------------------- PASSED -------------------------- 
[2023-05-08 02:45:32,209]  -------------------------- PASSED -------------------------- 
[2023-05-08 02:45:32,435]  -------------------------- PASSED -------------------------- 
[2023-05-08 02:45:32,560]  -------------------------- PASSED -------------------------- 
[2023-05-08 02:45:32,758]  -------------------------- PASSED -------------------------- 
[2023-05-08 02:45:32,978]  -------------------------- PASSED -------------------------- 
[2023-05-08 02:45:33,110]  -------------------------- PASSED -------------------------- 
[2023-05-08 02:45:33,289]  -------------------------- PASSED -------------------------- 
[2023-05-08 02:45:33,491]  -------------------------- PASSED -------------------------- 
[2023-05-08 02:45:33,693]  -------------------------- PASSED -------------------------- 
[2023-05-08 02:45:33,916]  -------------------------- PASSED -------------------------- 
[2023-05-08 02:45:34,070]  -------------------------- PASSED -------------------------- 
[2023-05-08 02:45:34,251]  -------------------------- PASSED -------------------------- 
[2023-05-08 02:45:34,465]  -------------------------- PASSED -------------------------- 
[2023-05-08 02:45:34,695]  -------------------------- PASSED -------------------------- 
[2023-05-08 02:45:34,901]  -------------------------- PASSED -------------------------- 
[2023-05-08 02:45:35,043]  -------------------------- PASSED -------------------------- 
[2023-05-08 02:45:35,225]  -------------------------- PASSED -------------------------- 
[2023-05-08 02:45:35,413]  -------------------------- PASSED -------------------------- 
[2023-05-08 02:45:35,585]  -------------------------- PASSED -------------------------- 
[2023-05-08 02:45:35,758]  -------------------------- PASSED -------------------------- 
[2023-05-08 02:45:35,935]  -------------------------- PASSED -------------------------- 
[2023-05-08 02:45:36,109]  -------------------------- PASSED -------------------------- 
[2023-05-08 02:45:36,281]  -------------------------- PASSED -------------------------- 
[2023-05-08 02:45:36,452]  -------------------------- PASSED -------------------------- 
